<?xml version="1.0" encoding="UTF-8"?>
<testsuite xmlns:xsi="http://www.w3.org/2001/XMLSchema-instance" xsi:noNamespaceSchemaLocation="https://maven.apache.org/surefire/maven-surefire-plugin/xsd/surefire-test-report-3.0.xsd" version="3.0" name="com.varsity.poepart3.POEpart3Test" time="0.271" tests="17" errors="0" skipped="0" failures="0">
  <properties>
[...]
</properties>
  <testcase name="testPrintdisreagard" classname="com.varsity.poepart3.POEpart3Test" time="0.037">
    <system-out><![CDATA[printdisreagard
No disreagarded messages
]]></system-out>
  </testcase>
  <testcase name="testFindid2" classname="com.varsity.poepart3.POEpart3Test" time="0.005">
    <system-out><![CDATA[findid2
No messages are disregarded. or the id is incorrect.
]]></system-out>
  </testcase>
  <testcase name="testArray" classname="com.varsity.poepart3.POEpart3Test" time="0.089">
    <system-out><![CDATA[array
Record{idnum='5208584770', cellNum='+27456', message='hello json', hashnum='52:1hellojson'}
Record{idnum='9478142926', cellNum='+271234', message='hello', hashnum='94:1hellohello'}
Record{idnum='6891531879', cellNum='+279876', message='how are you', hashnum='68:2howyou'}
Record{idnum='5065858289', cellNum='+27345', message='hi', hashnum='50:1:hihi'}
Record{idnum='0446253888', cellNum='+27838884567', message='where are you? you are late! i have asked you to be on time', hashnum='04:0:wheretime'}
Record{idnum='3111429190', cellNum='+27834484567', message='ok, I am leaving without you', hashnum='31:1:ok,you'}
]]></system-out>
  </testcase>
  <testcase name="testSend" classname="com.varsity.poepart3.POEpart3Test" time="0.005">
    <system-out><![CDATA[send
]]></system-out>
  </testcase>
  <testcase name="testPrinthash" classname="com.varsity.poepart3.POEpart3Test" time="0.002">
    <system-out><![CDATA[printhash
No typed messages
]]></system-out>
  </testcase>
  <testcase name="testPrintsend" classname="com.varsity.poepart3.POEpart3Test" time="0.002">
    <system-out><![CDATA[printsend
No sent messages
]]></system-out>
  </testcase>
  <testcase name="testArraylong" classname="com.varsity.poepart3.POEpart3Test" time="0.006">
    <system-out><![CDATA[arraylong
The longest element is: where are you? you are late! i have asked you to be on time
]]></system-out>
  </testcase>
  <testcase name="testPrintid" classname="com.varsity.poepart3.POEpart3Test" time="0.002">
    <system-out><![CDATA[printid
No typed messages
]]></system-out>
  </testcase>
  <testcase name="testFindhash" classname="com.varsity.poepart3.POEpart3Test" time="0.002">
    <system-out><![CDATA[findhash
No messages are sent. or the hash is incorrect.
]]></system-out>
  </testcase>
  <testcase name="testCounter1" classname="com.varsity.poepart3.POEpart3Test" time="0.003">
    <system-out><![CDATA[counter1
]]></system-out>
  </testcase>
  <testcase name="testHashmethod" classname="com.varsity.poepart3.POEpart3Test" time="0.005">
    <system-out><![CDATA[hashmethod
]]></system-out>
  </testcase>
  <testcase name="testFindLongestSend" classname="com.varsity.poepart3.POEpart3Test" time="0.003">
    <system-out><![CDATA[findLongestSend
Array is empty or null.
]]></system-out>
  </testcase>
  <testcase name="testIdmethod" classname="com.varsity.poepart3.POEpart3Test" time="0.002">
    <system-out><![CDATA[idmethod
]]></system-out>
  </testcase>
  <testcase name="testDisregard" classname="com.varsity.poepart3.POEpart3Test" time="0.002">
    <system-out><![CDATA[disregard
]]></system-out>
  </testcase>
  <testcase name="testFindhash2" classname="com.varsity.poepart3.POEpart3Test" time="0.002">
    <system-out><![CDATA[findhash2
No messages are disregarded. or the id is incorrect.
]]></system-out>
  </testcase>
  <testcase name="testFindid" classname="com.varsity.poepart3.POEpart3Test" time="0.01">
    <system-out><![CDATA[findid
No messages are sent. or the id is incorrect.
]]></system-out>
  </testcase>
  <testcase name="testFindLongestDis" classname="com.varsity.poepart3.POEpart3Test" time="0.003">
    <system-out><![CDATA[findLongestDis
Array is empty or null.
]]></system-out>
  </testcase>
</testsuite>